2024-10-26 15:13:33 - ************************** App started **************************
2024-10-26 15:15:00 - R4ï¿½ChuDu back to the city
2024-10-26 15:22:31 - ************************** App started **************************
2024-10-26 15:22:44 - R4ÙChuDu back to the city
2024-10-26 15:26:38 - ************************** App started **************************
2024-10-26 15:26:44 - R4ÙChuDu back to the city
2024-10-26 15:26:44 - 3
2024-10-26 15:28:58 - ************************** App started **************************
2024-10-26 15:29:05 - R4ÙChuDu back to the city
2024-10-26 15:30:36 - 3
2024-10-26 15:34:56 - ************************** App started **************************
2024-10-26 15:35:00 - R4ÙChuDu back to the city
2024-10-26 15:35:01 - 0
2024-10-26 15:35:31 - ************************** App started **************************
2024-10-26 15:35:36 - R4ÙChuDu back to the city
2024-10-26 15:35:36 - 3
2024-10-26 15:39:46 - ************************** App started **************************
2024-10-26 15:39:51 - R4ÙChuDu back to the city
2024-10-26 15:39:51 - 6
2024-10-26 16:03:00 - ************************** App started **************************
2024-10-26 16:03:11 - R4ÙChuDu back to the city
2024-10-26 16:03:11 - 3
2024-10-26 16:04:14 - ************************** App started **************************
2024-10-26 16:04:21 - R4ÙChuDu back to the city
2024-10-26 16:04:21 - 6
2024-10-26 16:05:04 - ************************** App started **************************
2024-10-26 16:05:11 - R4ÙChuDu back to the city
2024-10-26 16:05:11 - 6
2024-10-26 16:07:29 - ************************** App started **************************
2024-10-26 16:07:34 - R4ÙChuDu back to the city
2024-10-26 16:07:35 - 0
2024-10-26 16:08:53 - ************************** App started **************************
2024-10-26 16:08:56 - R4ÙChuDu back to the city
2024-10-26 16:08:57 - 0
2024-10-26 16:09:29 - ************************** App started **************************
2024-10-26 16:09:34 - R4ÙChuDu back to the city
2024-10-26 16:09:35 - 0
2024-10-26 16:09:38 - R6ÙB¾cÙC¸i back to the city
2024-10-26 16:09:39 - 0
2024-10-26 16:09:51 - ************************** App started **************************
2024-10-26 16:10:14 - R4ÙChuDu back to the city
2024-10-26 16:10:14 - 0
2024-10-26 16:10:26 - R6ÙB¾cÙC¸i back to the city
2024-10-26 16:10:26 - 0
2024-10-26 16:11:53 - ************************** App started **************************
2024-10-26 16:12:02 - R4ÙChuDu back to the city
2024-10-26 16:12:02 - 3
2024-10-26 16:12:34 - ************************** App started **************************
2024-10-26 16:12:41 - R4ÙChuDu back to the city
2024-10-26 16:12:41 - 0
2024-10-26 16:12:46 - R2ÙTiÓuKiÒu back to the city
2024-10-26 16:12:46 - 0
2024-10-26 16:13:31 - ************************** App started **************************
2024-10-26 16:14:32 - R4ÙChuDu back to the city
2024-10-26 16:14:32 - 0
2024-10-26 16:15:58 - ************************** App started **************************
2024-10-26 16:16:04 - R4ÙChuDu back to the city
2024-10-26 16:16:04 - 0
2024-10-26 16:17:45 - ************************** App started **************************
2024-10-26 16:17:47 - R4ÙChuDu back to the city
2024-10-26 16:17:48 - 0
2024-10-26 16:24:14 - ************************** App started **************************
2024-10-26 16:24:19 - R4ÙChuDu back to the city
2024-10-26 16:24:20 - 0
2024-10-26 16:52:50 - R4ÙChuDu back to the city
2024-10-26 16:52:50 - 0
2024-10-26 17:22:09 - R4ÙChuDu back to the city
2024-10-26 17:22:10 - 0
2024-10-26 17:51:24 - R4ÙChuDu back to the city
2024-10-26 17:51:25 - 0
2024-10-26 18:12:04 - R4ÙChuDu back to the city
2024-10-26 18:12:04 - 0
2024-10-26 18:49:42 - R4ÙChuDu back to the city
2024-10-26 18:49:43 - 0
2024-10-26 19:59:01 - R2ÙTiÓuKiÒu back to the city
2024-10-26 19:59:01 - 0
2024-10-26 19:59:04 - R1ÙHµnTÝn back to the city
2024-10-26 19:59:04 - 0
2024-10-26 19:59:06 - R4ÙChuDu back to the city
2024-10-26 19:59:06 - 0
2024-10-26 19:59:24 - R3Ù§¹iKiÒu back to the city
2024-10-26 19:59:24 - 0
2024-10-26 20:01:40 - R3Ù§¹iKiÒu back to the city
2024-10-26 20:01:41 - 0
2024-10-26 20:01:59 - R3Ù§¹iKiÒu back to the city
2024-10-26 20:02:00 - 0
2024-10-26 20:09:49 -  back to the city
2024-10-26 20:09:50 -  back to the city
2024-10-26 20:09:50 - 0
2024-10-26 20:09:51 -  back to the city
2024-10-26 20:09:51 - 0
2024-10-26 20:09:52 - 0
2024-10-26 20:09:52 -  back to the city
2024-10-26 20:09:53 - 0
2024-10-26 20:09:53 -  back to the city
2024-10-26 20:09:54 - 0
2024-10-26 20:09:54 -  back to the city
2024-10-26 20:09:55 -  back to the city
2024-10-26 20:09:56 -  back to the city
2024-10-26 20:09:57 -  back to the city
2024-10-26 20:09:58 -  back to the city
2024-10-26 20:09:58 - 0
2024-10-26 20:09:59 - 0
2024-10-26 20:09:59 - 0
2024-10-26 20:09:59 - 0
2024-10-26 20:09:59 - 0
2024-10-26 20:09:59 -  back to the city
2024-10-26 20:10:00 -  back to the city
2024-10-26 20:10:01 -  back to the city
2024-10-26 20:10:02 -  back to the city
2024-10-26 20:10:03 -  back to the city
2024-10-26 20:10:03 - 0
2024-10-26 20:10:04 - 0
2024-10-26 20:10:04 - 0
2024-10-26 20:10:04 - 0
2024-10-26 20:10:04 -  back to the city
2024-10-26 20:10:04 - 0
2024-10-26 20:10:05 -  back to the city
2024-10-26 20:10:06 -  back to the city
2024-10-26 20:10:07 -  back to the city
2024-10-26 20:10:08 -  back to the city
2024-10-26 20:10:09 - 0
2024-10-26 20:10:09 -  back to the city
2024-10-26 20:10:09 - 0
2024-10-26 20:10:09 - 0
2024-10-26 20:10:09 - 0
2024-10-26 20:10:10 - 0
2024-10-26 20:10:10 - 0
2024-10-26 20:10:10 -  back to the city
2024-10-26 20:10:11 - 0
2024-10-26 20:10:11 -  back to the city
2024-10-26 20:10:12 - 0
2024-10-26 20:10:12 -  back to the city
2024-10-26 20:10:13 - 0
2024-10-26 20:10:13 -  back to the city
2024-10-26 20:10:14 - 0
2024-10-26 20:10:15 -  back to the city
2024-10-26 20:10:15 - 0
2024-10-26 20:10:15 -  back to the city
2024-10-26 20:10:16 -  back to the city
2024-10-26 20:10:16 - 0
2024-10-26 20:10:17 -  back to the city
2024-10-26 20:10:18 - 0
2024-10-26 20:10:18 -  back to the city
2024-10-26 20:10:19 - 0
2024-10-26 20:10:19 - 0
2024-10-26 20:10:19 -  back to the city
2024-10-26 20:10:20 -  back to the city
2024-10-26 20:10:21 - 0
2024-10-26 20:10:22 -  back to the city
2024-10-26 20:10:22 - 0
2024-10-26 20:10:22 - 0
2024-10-26 20:10:23 -  back to the city
2024-10-26 20:10:23 - 0
2024-10-26 20:10:24 -  back to the city
2024-10-26 20:10:24 - 0
2024-10-26 20:10:25 -  back to the city
2024-10-26 20:10:26 -  back to the city
2024-10-26 20:10:26 - 0
2024-10-26 20:10:27 -  back to the city
2024-10-26 20:10:27 - 0
2024-10-26 20:10:27 - 0
2024-10-26 20:10:28 -  back to the city
2024-10-26 20:10:29 -  back to the city
2024-10-26 20:10:29 - 0
2024-10-26 20:10:29 - 0
2024-10-26 20:10:30 -  back to the city
2024-10-26 20:10:30 - 0
2024-10-26 20:10:31 -  back to the city
2024-10-26 20:10:32 -  back to the city
2024-10-26 20:10:32 - 0
2024-10-26 20:10:33 -  back to the city
2024-10-26 20:10:33 - 0
2024-10-26 20:10:34 -  back to the city
2024-10-26 20:10:34 - 0
2024-10-26 20:10:34 - 0
2024-10-26 20:10:35 -  back to the city
2024-10-26 20:10:35 - 0
2024-10-26 20:10:36 -  back to the city
2024-10-26 20:10:37 -  back to the city
2024-10-26 20:10:37 - 0
2024-10-26 20:10:37 - 0
2024-10-26 20:10:38 -  back to the city
2024-10-26 20:10:39 -  back to the city
2024-10-26 20:10:39 - 0
2024-10-26 20:10:40 -  back to the city
2024-10-26 20:10:40 - 0
2024-10-26 20:10:41 -  back to the city
2024-10-26 20:10:41 - 0
2024-10-26 20:10:42 -  back to the city
2024-10-26 20:10:42 - 0
2024-10-26 20:10:43 -  back to the city
2024-10-26 20:10:44 -  back to the city
2024-10-26 20:10:45 -  back to the city
2024-10-26 20:10:46 -  back to the city
2024-10-26 20:10:47 -  back to the city
2024-10-26 20:10:49 -  back to the city
2024-10-26 20:10:51 - 0
2024-10-26 20:10:51 -  back to the city
2024-10-26 20:10:51 - 0
2024-10-26 20:10:51 - 0
2024-10-26 20:10:51 - 0
2024-10-26 20:10:51 - 0
2024-10-26 20:10:51 - 0
2024-10-26 20:10:51 - 0
2024-10-26 20:10:52 -  back to the city
2024-10-26 20:10:53 -  back to the city
2024-10-26 20:10:54 -  back to the city
2024-10-26 20:10:55 -  back to the city
2024-10-26 20:10:56 -  back to the city
2024-10-26 20:10:56 - 0
2024-10-26 20:10:56 - 0
2024-10-26 20:10:56 - 0
2024-10-27 17:05:21 - ************************** App started **************************
2024-10-27 17:23:17 - ************************** App started **************************
2024-10-27 17:23:43 - ************************** App started **************************
2024-10-27 17:27:08 - ************************** App started **************************
2024-10-27 18:15:34 - ************************** App started **************************
2024-10-27 18:16:00 - ************************** App started **************************
2024-10-27 18:16:09 - R1ÙHµnTÝn - found boss: 20140
2024-10-27 18:16:10 - Notify boss result: 0
2024-10-27 18:28:27 - R1ÙHµnTÝn - found boss: S¶n Vò 
2024-10-27 18:28:28 - Notify boss result: 0
2024-10-27 18:29:42 - R4ÙChuDu back to the city
2024-10-29 10:49:57 - ************************** App started **************************
2024-10-29 11:04:55 - ************************** App started **************************
2024-10-29 11:06:45 - ************************** App started **************************
2024-10-29 11:18:02 - ************************** App started **************************
2024-10-29 11:21:21 - ************************** App started **************************
2024-10-29 11:25:30 - ************************** App started **************************
2024-10-29 11:47:36 - ************************** App started **************************
2024-10-29 14:46:48 - ************************** App started **************************
2024-10-29 14:47:20 - R7ÙTiÓuChiªu back to the city
2024-10-29 14:47:32 - ************************** App started **************************
2024-10-29 15:08:05 - ************************** App started **************************
2024-10-29 15:09:29 - ************************** App started **************************
2024-10-29 15:21:26 - ************************** App started **************************
2024-10-29 15:22:57 - ************************** App started **************************
2024-10-29 15:24:41 - ************************** App started **************************
2024-10-29 15:25:54 - ************************** App started **************************
2024-10-29 15:27:17 - ************************** App started **************************
2024-10-29 15:27:29 - ************************** App started **************************
2024-10-29 15:28:28 - ************************** App started **************************
2024-10-29 15:29:10 - ************************** App started **************************
2024-10-29 15:42:21 - ************************** App started **************************
2024-10-29 15:44:42 - ************************** App started **************************
2024-10-29 15:52:25 - ************************** App started **************************
2024-10-29 15:52:43 - ************************** App started **************************
2024-10-29 15:53:13 - ************************** App started **************************
2024-10-29 15:56:43 - ************************** App started **************************
2024-10-29 22:29:04 - ************************** App started **************************
2024-10-29 22:30:34 - ************************** App started **************************
2024-10-29 22:33:12 - ************************** App started **************************
2024-10-29 22:33:39 - ************************** App started **************************
2024-10-29 22:35:09 - ************************** App started **************************
2024-10-29 22:36:14 - ************************** App started **************************
2024-10-30 10:53:56 - ************************** App started **************************
2024-10-30 11:07:29 - ************************** App started **************************
2024-10-30 11:41:34 - ************************** App started **************************
2024-10-30 11:42:47 - ************************** App started **************************
2024-10-30 11:47:51 - ************************** App started **************************
2024-10-30 11:55:18 - ************************** App started **************************
2024-10-30 11:58:46 - ************************** App started **************************
2024-10-30 12:12:26 - ************************** App started **************************
2024-10-30 12:13:33 - ************************** App started **************************
2024-10-30 12:14:04 - ************************** App started **************************
2024-10-30 12:18:37 - ************************** App started **************************
2024-10-30 12:24:15 - ************************** App started **************************
2024-10-30 12:26:16 - ************************** App started **************************
2024-10-30 12:28:46 - ************************** App started **************************
2024-10-30 12:29:11 - ************************** App started **************************
2024-10-30 12:29:54 - ************************** App started **************************
2024-10-30 12:30:57 - ************************** App started **************************
2024-10-30 12:34:24 - ************************** App started **************************
2024-10-30 12:38:26 - ************************** App started **************************
2024-10-30 12:39:50 - ************************** App started **************************
2024-10-30 12:46:22 - ************************** App started **************************
2024-10-30 12:46:44 - ************************** App started **************************
2024-10-30 12:47:23 - ************************** App started **************************
2024-10-30 12:48:31 - ************************** App started **************************
2024-10-30 12:53:48 - R7ÙTiÓuChiªu back to the city
2024-10-30 13:33:40 - R7ÙTiÓuChiªu back to the city
2024-10-30 20:24:09 - ************************** App started **************************
2024-10-30 20:24:22 - R7ÙTiÓuChiªu back to the city
2024-10-30 20:47:16 - ************************** App started **************************
2024-10-30 20:48:07 - ************************** App started **************************
2024-10-30 20:50:23 - ************************** App started **************************
2024-10-30 20:56:09 - ************************** App started **************************
2024-10-30 20:59:16 - ************************** App started **************************
2024-10-30 21:00:40 - ************************** App started **************************
2024-10-30 21:28:19 - R7ÙTiÓuChiªu back to the city
2024-10-30 21:50:40 - R7ÙTiÓuChiªu back to the city
2024-10-30 22:25:05 - ************************** App started **************************
2024-10-30 22:25:29 - ************************** App started **************************
2024-10-30 22:26:51 - ************************** App started **************************
2024-10-30 22:27:59 - ************************** App started **************************
2024-10-30 22:28:06 - ************************** App started **************************
2024-10-30 22:28:41 - ************************** App started **************************
2024-10-30 22:29:27 - ************************** App started **************************
2024-10-30 22:58:46 - ************************** App started **************************
2024-10-30 23:00:28 - ************************** App started **************************
2024-10-30 23:01:56 - ************************** App started **************************
2024-10-30 23:04:34 - ************************** App started **************************
2024-10-30 23:05:46 - ************************** App started **************************
2024-10-30 23:09:58 - ************************** App started **************************
2024-10-30 23:10:13 - ************************** App started **************************
2024-10-30 23:13:54 - R7ÙTiÓuChiªu back to the city
2024-10-30 23:21:45 - ************************** App started **************************
2024-10-30 23:21:53 - ************************** App started **************************
2024-10-30 23:24:09 - ************************** App started **************************
2024-10-30 23:24:34 - ************************** App started **************************
2024-10-31 19:04:52 - ************************** App started **************************
2024-10-31 19:09:36 - ************************** App started **************************
2024-10-31 19:18:02 - ************************** App started **************************
2024-10-31 19:32:43 - ************************** App started **************************
2024-10-31 19:34:53 - ************************** App started **************************
2024-10-31 19:37:04 - ************************** App started **************************
2024-10-31 22:18:08 - ************************** App started **************************
2024-10-31 22:21:28 - ************************** App started **************************
2024-10-31 22:23:09 - ************************** App started **************************
2024-10-31 22:24:20 - ************************** App started **************************
2024-10-31 22:24:41 - ************************** App started **************************
2024-10-31 22:27:10 - ************************** App started **************************
2024-10-31 22:27:51 - ************************** App started **************************
2024-10-31 22:28:05 - ************************** App started **************************
2024-10-31 22:28:19 - ************************** App started **************************
2024-10-31 22:31:12 - ************************** App started **************************
2024-10-31 22:31:47 - ************************** App started **************************
2024-10-31 22:36:03 - ************************** App started **************************
2024-10-31 22:39:39 - ************************** App started **************************
2024-10-31 22:42:13 - ************************** App started **************************
2024-10-31 22:42:23 - ************************** App started **************************
2024-10-31 22:42:33 - ************************** App started **************************
2024-10-31 22:46:45 - ************************** App started **************************
2024-10-31 22:49:48 - ************************** App started **************************
2024-10-31 22:54:12 - ************************** App started **************************
2024-10-31 22:55:27 - ************************** App started **************************
2024-10-31 22:55:41 - ************************** App started **************************
2024-10-31 23:06:52 - ************************** App started **************************
2024-11-01 22:19:11 - ************************** App started **************************
2024-11-01 22:23:33 - ************************** App started **************************
2024-11-01 22:23:52 - ************************** App started **************************
2024-11-01 22:24:23 - ************************** App started **************************
2024-11-01 22:25:29 - ************************** App started **************************
2024-11-01 22:26:17 - ************************** App started **************************
2024-11-01 22:30:12 - ************************** App started **************************
2024-11-01 22:32:24 - ************************** App started **************************
2024-11-01 22:33:13 - ************************** App started **************************
2024-11-01 22:34:30 - ************************** App started **************************
2024-11-01 22:35:07 - ************************** App started **************************
2024-11-01 22:46:42 - ************************** App started **************************
2024-11-01 22:49:50 - ************************** App started **************************
2024-11-01 22:51:20 - ************************** App started **************************
2024-11-01 22:56:20 - ************************** App started **************************
2024-11-01 22:59:55 - ************************** App started **************************
2024-11-01 23:06:17 - ************************** App started **************************
2024-11-01 23:16:23 - ************************** App started **************************
2024-11-01 23:17:12 - ************************** App started **************************
2024-11-01 23:42:58 - ************************** App started **************************
2024-11-02 09:16:45 - ************************** App started **************************
2024-11-02 09:21:11 - ************************** App started **************************
2024-11-02 10:05:35 - ************************** App started **************************
2024-11-02 10:07:49 - ************************** App started **************************
2024-11-02 10:08:53 - ************************** App started **************************
2024-11-02 10:09:47 - ************************** App started **************************
2024-11-02 10:12:20 - ************************** App started **************************
2024-11-02 10:12:43 - ************************** App started **************************
2024-11-02 10:13:06 - ************************** App started **************************
2024-11-02 10:13:41 - ************************** App started **************************
2024-11-02 10:29:45 -  back to the city
2024-11-02 10:38:33 - RyanTL back to the city
2024-11-03 11:54:10 - ************************** App started **************************
